<?xml version="1.0" encoding="UTF-8"?>
<testng-results ignored="0" total="1" passed="1" failed="0" skipped="0">
  <reporter-output>
  </reporter-output>
  <suite started-at="2021-03-25T05:16:01 IST" name="Surefire suite" finished-at="2021-03-25T05:16:46 IST" duration-ms="44821">
    <groups>
    </groups>
    <test started-at="2021-03-25T05:16:01 IST" name="Surefire test" finished-at="2021-03-25T05:16:46 IST" duration-ms="44821">
      <class name="Practice.SeleniumCore.NewTest">
        <test-method signature="firstTest()[pri:0, instance:Practice.SeleniumCore.NewTest@10b48321]" started-at="2021-03-25T05:16:01 IST" name="firstTest" finished-at="2021-03-25T05:16:46 IST" duration-ms="44664" status="PASS">
          <reporter-output>
          </reporter-output>
        </test-method> <!-- firstTest -->
      </class> <!-- Practice.SeleniumCore.NewTest -->
    </test> <!-- Surefire test -->
  </suite> <!-- Surefire suite -->
</testng-results>
